# JRE version: OpenJDK Runtime Environment (8.0_152-b01) (build 1.8.0_152-release-1343-b01)
# Java VM: OpenJDK 64-Bit Server VM (25.152-b01 mixed mode windows-amd64 compressed oops)
Heap:
 PSYoungGen      total 165376K, used 99221K [0x00000000eab00000, 0x00000000f6080000, 0x0000000100000000)
  eden space 153600K, 56% used [0x00000000eab00000,0x00000000f0065998,0x00000000f4100000)
  from space 11776K, 99% used [0x00000000f5500000,0x00000000f607fb90,0x00000000f6080000)
  to   space 14336K, 0% used [0x00000000f4480000,0x00000000f4480000,0x00000000f5280000)
 ParOldGen       total 78848K, used 19541K [0x00000000c0000000, 0x00000000c4d00000, 0x00000000eab00000)
  object space 78848K, 24% used [0x00000000c0000000,0x00000000c13156a8,0x00000000c4d00000)
 Metaspace       used 54518K, capacity 55768K, committed 56024K, reserved 1097728K
  class space    used 7323K, capacity 7651K, committed 7680K, reserved 1048576K
GC Heap History (10 events):
Event: 15.597 GC heap before
{Heap before GC invocations=8 (full 1):
 PSYoungGen      total 77312K, used 66560K [0x00000000eab00000, 0x00000000f0100000, 0x0000000100000000)
  eden space 66560K, 100% used [0x00000000eab00000,0x00000000eec00000,0x00000000eec00000)
  from space 10752K, 0% used [0x00000000ef680000,0x00000000ef680000,0x00000000f0100000)
  to   space 10752K, 0% used [0x00000000eec00000,0x00000000eec00000,0x00000000ef680000)
 ParOldGen       total 52736K, used 7272K [0x00000000c0000000, 0x00000000c3380000, 0x00000000eab00000)
  object space 52736K, 13% used [0x00000000c0000000,0x00000000c071a020,0x00000000c3380000)
 Metaspace       used 28357K, capacity 28810K, committed 29056K, reserved 1075200K
  class space    used 3805K, capacity 3950K, committed 3968K, reserved 1048576K
Event: 15.620 GC heap after
Heap after GC invocations=8 (full 1):
 PSYoungGen      total 77312K, used 7675K [0x00000000eab00000, 0x00000000f3180000, 0x0000000100000000)
  eden space 66560K, 0% used [0x00000000eab00000,0x00000000eab00000,0x00000000eec00000)
  from space 10752K, 71% used [0x00000000eec00000,0x00000000ef37ee58,0x00000000ef680000)
  to   space 10752K, 0% used [0x00000000f2700000,0x00000000f2700000,0x00000000f3180000)
 ParOldGen       total 52736K, used 7280K [0x00000000c0000000, 0x00000000c3380000, 0x00000000eab00000)
  object space 52736K, 13% used [0x00000000c0000000,0x00000000c071c020,0x00000000c3380000)
 Metaspace       used 28357K, capacity 28810K, committed 29056K, reserved 1075200K
  class space    used 3805K, capacity 3950K, committed 3968K, reserved 1048576K
}
Event: 17.688 GC heap before
{Heap before GC invocations=9 (full 1):
 PSYoungGen      total 77312K, used 74235K [0x00000000eab00000, 0x00000000f3180000, 0x0000000100000000)
  eden space 66560K, 100% used [0x00000000eab00000,0x00000000eec00000,0x00000000eec00000)
  from space 10752K, 71% used [0x00000000eec00000,0x00000000ef37ee58,0x00000000ef680000)
  to   space 10752K, 0% used [0x00000000f2700000,0x00000000f2700000,0x00000000f3180000)
 ParOldGen       total 52736K, used 7280K [0x00000000c0000000, 0x00000000c3380000, 0x00000000eab00000)
  object space 52736K, 13% used [0x00000000c0000000,0x00000000c071c020,0x00000000c3380000)
 Metaspace       used 31717K, capacity 32214K, committed 32512K, reserved 1077248K
  class space    used 4362K, capacity 4529K, committed 4608K, reserved 1048576K
Event: 17.713 GC heap after
Heap after GC invocations=9 (full 1):
 PSYoungGen      total 122880K, used 8384K [0x00000000eab00000, 0x00000000f2f80000, 0x0000000100000000)
  eden space 114176K, 0% used [0x00000000eab00000,0x00000000eab00000,0x00000000f1a80000)
  from space 8704K, 96% used [0x00000000f2700000,0x00000000f2f300a0,0x00000000f2f80000)
  to   space 10752K, 0% used [0x00000000f1a80000,0x00000000f1a80000,0x00000000f2500000)
 ParOldGen       total 52736K, used 7288K [0x00000000c0000000, 0x00000000c3380000, 0x00000000eab00000)
  object space 52736K, 13% used [0x00000000c0000000,0x00000000c071e020,0x00000000c3380000)
 Metaspace       used 31717K, capacity 32214K, committed 32512K, reserved 1077248K
  class space    used 4362K, capacity 4529K, committed 4608K, reserved 1048576K
}
Event: 20.316 GC heap before
{Heap before GC invocations=10 (full 1):
 PSYoungGen      total 122880K, used 57979K [0x00000000eab00000, 0x00000000f2f80000, 0x0000000100000000)
  eden space 114176K, 43% used [0x00000000eab00000,0x00000000edb6eea0,0x00000000f1a80000)
  from space 8704K, 96% used [0x00000000f2700000,0x00000000f2f300a0,0x00000000f2f80000)
  to   space 10752K, 0% used [0x00000000f1a80000,0x00000000f1a80000,0x00000000f2500000)
 ParOldGen       total 52736K, used 7288K [0x00000000c0000000, 0x00000000c3380000, 0x00000000eab00000)
  object space 52736K, 13% used [0x00000000c0000000,0x00000000c071e020,0x00000000c3380000)
 Metaspace       used 34655K, capacity 35226K, committed 35416K, reserved 1079296K
  class space    used 4787K, capacity 4976K, committed 4992K, reserved 1048576K
Event: 20.360 GC heap after
Heap after GC invocations=10 (full 1):
 PSYoungGen      total 124928K, used 9802K [0x00000000eab00000, 0x00000000f6080000, 0x0000000100000000)
  eden space 114176K, 0% used [0x00000000eab00000,0x00000000eab00000,0x00000000f1a80000)
  from space 10752K, 91% used [0x00000000f1a80000,0x00000000f2412aa0,0x00000000f2500000)
  to   space 11776K, 0% used [0x00000000f5500000,0x00000000f5500000,0x00000000f6080000)
 ParOldGen       total 52736K, used 7296K [0x00000000c0000000, 0x00000000c3380000, 0x00000000eab00000)
  object space 52736K, 13% used [0x00000000c0000000,0x00000000c0720020,0x00000000c3380000)
 Metaspace       used 34655K, capacity 35226K, committed 35416K, reserved 1079296K
  class space    used 4787K, capacity 4976K, committed 4992K, reserved 1048576K
}
Event: 20.360 GC heap before
{Heap before GC invocations=11 (full 2):
 PSYoungGen      total 124928K, used 9802K [0x00000000eab00000, 0x00000000f6080000, 0x0000000100000000)
  eden space 114176K, 0% used [0x00000000eab00000,0x00000000eab00000,0x00000000f1a80000)
  from space 10752K, 91% used [0x00000000f1a80000,0x00000000f2412aa0,0x00000000f2500000)
  to   space 11776K, 0% used [0x00000000f5500000,0x00000000f5500000,0x00000000f6080000)
 ParOldGen       total 52736K, used 7296K [0x00000000c0000000, 0x00000000c3380000, 0x00000000eab00000)
  object space 52736K, 13% used [0x00000000c0000000,0x00000000c0720020,0x00000000c3380000)
 Metaspace       used 34655K, capacity 35226K, committed 35416K, reserved 1079296K
  class space    used 4787K, capacity 4976K, committed 4992K, reserved 1048576K
Event: 20.536 GC heap after
Heap after GC invocations=11 (full 2):
 PSYoungGen      total 124928K, used 0K [0x00000000eab00000, 0x00000000f6080000, 0x0000000100000000)
  eden space 114176K, 0% used [0x00000000eab00000,0x00000000eab00000,0x00000000f1a80000)
  from space 10752K, 0% used [0x00000000f1a80000,0x00000000f1a80000,0x00000000f2500000)
  to   space 11776K, 0% used [0x00000000f5500000,0x00000000f5500000,0x00000000f6080000)
 ParOldGen       total 78848K, used 16464K [0x00000000c0000000, 0x00000000c4d00000, 0x00000000eab00000)
  object space 78848K, 20% used [0x00000000c0000000,0x00000000c1014050,0x00000000c4d00000)
 Metaspace       used 34639K, capacity 35172K, committed 35416K, reserved 1079296K
  class space    used 4782K, capacity 4967K, committed 4992K, reserved 1048576K
}
Event: 26.114 GC heap before
{Heap before GC invocations=12 (full 2):
 PSYoungGen      total 124928K, used 114176K [0x00000000eab00000, 0x00000000f6080000, 0x0000000100000000)
  eden space 114176K, 100% used [0x00000000eab00000,0x00000000f1a80000,0x00000000f1a80000)
  from space 10752K, 0% used [0x00000000f1a80000,0x00000000f1a80000,0x00000000f2500000)
  to   space 11776K, 0% used [0x00000000f5500000,0x00000000f5500000,0x00000000f6080000)
 ParOldGen       total 78848K, used 16464K [0x00000000c0000000, 0x00000000c4d00000, 0x00000000eab00000)
  object space 78848K, 20% used [0x00000000c0000000,0x00000000c1014050,0x00000000c4d00000)
 Metaspace       used 45396K, capacity 46284K, committed 46552K, reserved 1089536K
  class space    used 6123K, capacity 6385K, committed 6400K, reserved 1048576K
Event: 26.206 GC heap after
Heap after GC invocations=12 (full 2):
 PSYoungGen      total 165376K, used 11774K [0x00000000eab00000, 0x00000000f6080000, 0x0000000100000000)
  eden space 153600K, 0% used [0x00000000eab00000,0x00000000eab00000,0x00000000f4100000)
  from space 11776K, 99% used [0x00000000f5500000,0x00000000f607fb90,0x00000000f6080000)
  to   space 14336K, 0% used [0x00000000f4480000,0x00000000f4480000,0x00000000f5280000)
 ParOldGen       total 78848K, used 19541K [0x00000000c0000000, 0x00000000c4d00000, 0x00000000eab00000)
  object space 78848K, 24% used [0x00000000c0000000,0x00000000c13156a8,0x00000000c4d00000)
 Metaspace       used 45396K, capacity 46284K, committed 46552K, reserved 1089536K
  class space    used 6123K, capacity 6385K, committed 6400K, reserved 1048576K
}

