# JRE version: OpenJDK Runtime Environment (8.0_152-b01) (build 1.8.0_152-release-1343-b01)
# Java VM: OpenJDK 64-Bit Server VM (25.152-b01 mixed mode windows-amd64 compressed oops)
Heap:
 PSYoungGen      total 159744K, used 70259K [0x00000000e0000000, 0x00000000ed580000, 0x0000000100000000)
  eden space 145920K, 48% used [0x00000000e0000000,0x00000000e449cd10,0x00000000e8e80000)
  from space 13824K, 0% used [0x00000000e8e80000,0x00000000e8e80000,0x00000000e9c00000)
  to   space 18432K, 0% used [0x00000000ec380000,0x00000000ec380000,0x00000000ed580000)
 ParOldGen       total 131584K, used 34734K [0x00000000a0000000, 0x00000000a8080000, 0x00000000e0000000)
  object space 131584K, 26% used [0x00000000a0000000,0x00000000a21eb9b0,0x00000000a8080000)
 Metaspace       used 59994K, capacity 61684K, committed 62040K, reserved 1103872K
  class space    used 8115K, capacity 8469K, committed 8576K, reserved 1048576K
GC Heap History (10 events):
Event: 21.151 GC heap before
{Heap before GC invocations=10 (full 1):
 PSYoungGen      total 118272K, used 55925K [0x00000000e0000000, 0x00000000e8100000, 0x0000000100000000)
  eden space 109568K, 43% used [0x00000000e0000000,0x00000000e2e39c78,0x00000000e6b00000)
  from space 8704K, 98% used [0x00000000e7880000,0x00000000e80e3950,0x00000000e8100000)
  to   space 10752K, 0% used [0x00000000e6c00000,0x00000000e6c00000,0x00000000e7680000)
 ParOldGen       total 55296K, used 7405K [0x00000000a0000000, 0x00000000a3600000, 0x00000000e0000000)
  object space 55296K, 13% used [0x00000000a0000000,0x00000000a073b588,0x00000000a3600000)
 Metaspace       used 34662K, capacity 35254K, committed 35416K, reserved 1079296K
  class space    used 4785K, capacity 4970K, committed 4992K, reserved 1048576K
Event: 21.203 GC heap after
Heap after GC invocations=10 (full 1):
 PSYoungGen      total 121344K, used 9587K [0x00000000e0000000, 0x00000000ea980000, 0x0000000100000000)
  eden space 110592K, 0% used [0x00000000e0000000,0x00000000e0000000,0x00000000e6c00000)
  from space 10752K, 89% used [0x00000000e6c00000,0x00000000e755cec8,0x00000000e7680000)
  to   space 11776K, 0% used [0x00000000e9e00000,0x00000000e9e00000,0x00000000ea980000)
 ParOldGen       total 55296K, used 7413K [0x00000000a0000000, 0x00000000a3600000, 0x00000000e0000000)
  object space 55296K, 13% used [0x00000000a0000000,0x00000000a073d588,0x00000000a3600000)
 Metaspace       used 34662K, capacity 35254K, committed 35416K, reserved 1079296K
  class space    used 4785K, capacity 4970K, committed 4992K, reserved 1048576K
}
Event: 21.203 GC heap before
{Heap before GC invocations=11 (full 2):
 PSYoungGen      total 121344K, used 9587K [0x00000000e0000000, 0x00000000ea980000, 0x0000000100000000)
  eden space 110592K, 0% used [0x00000000e0000000,0x00000000e0000000,0x00000000e6c00000)
  from space 10752K, 89% used [0x00000000e6c00000,0x00000000e755cec8,0x00000000e7680000)
  to   space 11776K, 0% used [0x00000000e9e00000,0x00000000e9e00000,0x00000000ea980000)
 ParOldGen       total 55296K, used 7413K [0x00000000a0000000, 0x00000000a3600000, 0x00000000e0000000)
  object space 55296K, 13% used [0x00000000a0000000,0x00000000a073d588,0x00000000a3600000)
 Metaspace       used 34662K, capacity 35254K, committed 35416K, reserved 1079296K
  class space    used 4785K, capacity 4970K, committed 4992K, reserved 1048576K
Event: 21.466 GC heap after
Heap after GC invocations=11 (full 2):
 PSYoungGen      total 121344K, used 0K [0x00000000e0000000, 0x00000000ea980000, 0x0000000100000000)
  eden space 110592K, 0% used [0x00000000e0000000,0x00000000e0000000,0x00000000e6c00000)
  from space 10752K, 0% used [0x00000000e6c00000,0x00000000e6c00000,0x00000000e7680000)
  to   space 11776K, 0% used [0x00000000e9e00000,0x00000000e9e00000,0x00000000ea980000)
 ParOldGen       total 84480K, used 16353K [0x00000000a0000000, 0x00000000a5280000, 0x00000000e0000000)
  object space 84480K, 19% used [0x00000000a0000000,0x00000000a0ff87e8,0x00000000a5280000)
 Metaspace       used 34655K, capacity 35230K, committed 35416K, reserved 1079296K
  class space    used 4783K, capacity 4966K, committed 4992K, reserved 1048576K
}
Event: 28.328 GC heap before
{Heap before GC invocations=12 (full 2):
 PSYoungGen      total 121344K, used 110592K [0x00000000e0000000, 0x00000000ea980000, 0x0000000100000000)
  eden space 110592K, 100% used [0x00000000e0000000,0x00000000e6c00000,0x00000000e6c00000)
  from space 10752K, 0% used [0x00000000e6c00000,0x00000000e6c00000,0x00000000e7680000)
  to   space 11776K, 0% used [0x00000000e9e00000,0x00000000e9e00000,0x00000000ea980000)
 ParOldGen       total 84480K, used 16353K [0x00000000a0000000, 0x00000000a5280000, 0x00000000e0000000)
  object space 84480K, 19% used [0x00000000a0000000,0x00000000a0ff87e8,0x00000000a5280000)
 Metaspace       used 44693K, capacity 45552K, committed 46040K, reserved 1089536K
  class space    used 6031K, capacity 6295K, committed 6400K, reserved 1048576K
Event: 28.394 GC heap after
Heap after GC invocations=12 (full 2):
 PSYoungGen      total 154624K, used 11771K [0x00000000e0000000, 0x00000000ea980000, 0x0000000100000000)
  eden space 142848K, 0% used [0x00000000e0000000,0x00000000e0000000,0x00000000e8b80000)
  from space 11776K, 99% used [0x00000000e9e00000,0x00000000ea97ec18,0x00000000ea980000)
  to   space 13824K, 0% used [0x00000000e8e80000,0x00000000e8e80000,0x00000000e9c00000)
 ParOldGen       total 84480K, used 18799K [0x00000000a0000000, 0x00000000a5280000, 0x00000000e0000000)
  object space 84480K, 22% used [0x00000000a0000000,0x00000000a125bf98,0x00000000a5280000)
 Metaspace       used 44693K, capacity 45552K, committed 46040K, reserved 1089536K
  class space    used 6031K, capacity 6295K, committed 6400K, reserved 1048576K
}
Event: 35.095 GC heap before
{Heap before GC invocations=13 (full 2):
 PSYoungGen      total 154624K, used 140026K [0x00000000e0000000, 0x00000000ea980000, 0x0000000100000000)
  eden space 142848K, 89% used [0x00000000e0000000,0x00000000e7d3fca8,0x00000000e8b80000)
  from space 11776K, 99% used [0x00000000e9e00000,0x00000000ea97ec18,0x00000000ea980000)
  to   space 13824K, 0% used [0x00000000e8e80000,0x00000000e8e80000,0x00000000e9c00000)
 ParOldGen       total 84480K, used 18799K [0x00000000a0000000, 0x00000000a5280000, 0x00000000e0000000)
  object space 84480K, 22% used [0x00000000a0000000,0x00000000a125bf98,0x00000000a5280000)
 Metaspace       used 57574K, capacity 58982K, committed 59028K, reserved 1099776K
  class space    used 7787K, capacity 8148K, committed 8192K, reserved 1048576K
Event: 35.148 GC heap after
Heap after GC invocations=13 (full 2):
 PSYoungGen      total 159744K, used 13815K [0x00000000e0000000, 0x00000000ed580000, 0x0000000100000000)
  eden space 145920K, 0% used [0x00000000e0000000,0x00000000e0000000,0x00000000e8e80000)
  from space 13824K, 99% used [0x00000000e8e80000,0x00000000e9bfde30,0x00000000e9c00000)
  to   space 18432K, 0% used [0x00000000ec380000,0x00000000ec380000,0x00000000ed580000)
 ParOldGen       total 84480K, used 26562K [0x00000000a0000000, 0x00000000a5280000, 0x00000000e0000000)
  object space 84480K, 31% used [0x00000000a0000000,0x00000000a19f08d0,0x00000000a5280000)
 Metaspace       used 57574K, capacity 58982K, committed 59028K, reserved 1099776K
  class space    used 7787K, capacity 8148K, committed 8192K, reserved 1048576K
}
Event: 35.148 GC heap before
{Heap before GC invocations=14 (full 3):
 PSYoungGen      total 159744K, used 13815K [0x00000000e0000000, 0x00000000ed580000, 0x0000000100000000)
  eden space 145920K, 0% used [0x00000000e0000000,0x00000000e0000000,0x00000000e8e80000)
  from space 13824K, 99% used [0x00000000e8e80000,0x00000000e9bfde30,0x00000000e9c00000)
  to   space 18432K, 0% used [0x00000000ec380000,0x00000000ec380000,0x00000000ed580000)
 ParOldGen       total 84480K, used 26562K [0x00000000a0000000, 0x00000000a5280000, 0x00000000e0000000)
  object space 84480K, 31% used [0x00000000a0000000,0x00000000a19f08d0,0x00000000a5280000)
 Metaspace       used 57574K, capacity 58982K, committed 59028K, reserved 1099776K
  class space    used 7787K, capacity 8148K, committed 8192K, reserved 1048576K
Event: 35.940 GC heap after
Heap after GC invocations=14 (full 3):
 PSYoungGen      total 159744K, used 0K [0x00000000e0000000, 0x00000000ed580000, 0x0000000100000000)
  eden space 145920K, 0% used [0x00000000e0000000,0x00000000e0000000,0x00000000e8e80000)
  from space 13824K, 0% used [0x00000000e8e80000,0x00000000e8e80000,0x00000000e9c00000)
  to   space 18432K, 0% used [0x00000000ec380000,0x00000000ec380000,0x00000000ed580000)
 ParOldGen       total 131584K, used 34734K [0x00000000a0000000, 0x00000000a8080000, 0x00000000e0000000)
  object space 131584K, 26% used [0x00000000a0000000,0x00000000a21eb9b0,0x00000000a8080000)
 Metaspace       used 57574K, capacity 58982K, committed 59028K, reserved 1099776K
  class space    used 7787K, capacity 8148K, committed 8192K, reserved 1048576K
}

