# JRE version: OpenJDK Runtime Environment (8.0_152-b01) (build 1.8.0_152-release-1343-b01)
# Java VM: OpenJDK 64-Bit Server VM (25.152-b01 mixed mode windows-amd64 compressed oops)
Heap:
 PSYoungGen      total 38400K, used 30540K [0x00000000e0000000, 0x00000000e4c80000, 0x0000000100000000)
  eden space 33280K, 78% used [0x00000000e0000000,0x00000000e196f218,0x00000000e2080000)
  from space 5120K, 87% used [0x00000000e2080000,0x00000000e24e3e70,0x00000000e2580000)
  to   space 10240K, 0% used [0x00000000e4280000,0x00000000e4280000,0x00000000e4c80000)
 ParOldGen       total 53248K, used 7590K [0x00000000a0000000, 0x00000000a3400000, 0x00000000e0000000)
  object space 53248K, 14% used [0x00000000a0000000,0x00000000a0769b80,0x00000000a3400000)
 Metaspace       used 28412K, capacity 28844K, committed 29056K, reserved 1075200K
  class space    used 3809K, capacity 3967K, committed 3968K, reserved 1048576K
GC Heap History (10 events):
Event: 33.461 GC heap before
{Heap before GC invocations=4 (full 0):
 PSYoungGen      total 38400K, used 38384K [0x00000000e0000000, 0x00000000e2a80000, 0x0000000100000000)
  eden space 33280K, 100% used [0x00000000e0000000,0x00000000e2080000,0x00000000e2080000)
  from space 5120K, 99% used [0x00000000e2080000,0x00000000e257c030,0x00000000e2580000)
  to   space 5120K, 0% used [0x00000000e2580000,0x00000000e2580000,0x00000000e2a80000)
 ParOldGen       total 87552K, used 1921K [0x00000000a0000000, 0x00000000a5580000, 0x00000000e0000000)
  object space 87552K, 2% used [0x00000000a0000000,0x00000000a01e0548,0x00000000a5580000)
 Metaspace       used 16334K, capacity 16688K, committed 16896K, reserved 1062912K
  class space    used 2322K, capacity 2456K, committed 2560K, reserved 1048576K
Event: 33.485 GC heap after
Heap after GC invocations=4 (full 0):
 PSYoungGen      total 38400K, used 5120K [0x00000000e0000000, 0x00000000e2a80000, 0x0000000100000000)
  eden space 33280K, 0% used [0x00000000e0000000,0x00000000e0000000,0x00000000e2080000)
  from space 5120K, 100% used [0x00000000e2580000,0x00000000e2a80000,0x00000000e2a80000)
  to   space 5120K, 0% used [0x00000000e2080000,0x00000000e2080000,0x00000000e2580000)
 ParOldGen       total 87552K, used 5156K [0x00000000a0000000, 0x00000000a5580000, 0x00000000e0000000)
  object space 87552K, 5% used [0x00000000a0000000,0x00000000a0509380,0x00000000a5580000)
 Metaspace       used 16334K, capacity 16688K, committed 16896K, reserved 1062912K
  class space    used 2322K, capacity 2456K, committed 2560K, reserved 1048576K
}
Event: 36.887 GC heap before
{Heap before GC invocations=5 (full 0):
 PSYoungGen      total 38400K, used 38400K [0x00000000e0000000, 0x00000000e2a80000, 0x0000000100000000)
  eden space 33280K, 100% used [0x00000000e0000000,0x00000000e2080000,0x00000000e2080000)
  from space 5120K, 100% used [0x00000000e2580000,0x00000000e2a80000,0x00000000e2a80000)
  to   space 5120K, 0% used [0x00000000e2080000,0x00000000e2080000,0x00000000e2580000)
 ParOldGen       total 87552K, used 5156K [0x00000000a0000000, 0x00000000a5580000, 0x00000000e0000000)
  object space 87552K, 5% used [0x00000000a0000000,0x00000000a0509380,0x00000000a5580000)
 Metaspace       used 19653K, capacity 20158K, committed 20224K, reserved 1067008K
  class space    used 2822K, capacity 3023K, committed 3072K, reserved 1048576K
Event: 36.915 GC heap after
Heap after GC invocations=5 (full 0):
 PSYoungGen      total 37888K, used 5104K [0x00000000e0000000, 0x00000000e3500000, 0x0000000100000000)
  eden space 32768K, 0% used [0x00000000e0000000,0x00000000e0000000,0x00000000e2000000)
  from space 5120K, 99% used [0x00000000e2080000,0x00000000e257c040,0x00000000e2580000)
  to   space 10752K, 0% used [0x00000000e2a80000,0x00000000e2a80000,0x00000000e3500000)
 ParOldGen       total 87552K, used 9088K [0x00000000a0000000, 0x00000000a5580000, 0x00000000e0000000)
  object space 87552K, 10% used [0x00000000a0000000,0x00000000a08e0288,0x00000000a5580000)
 Metaspace       used 19653K, capacity 20158K, committed 20224K, reserved 1067008K
  class space    used 2822K, capacity 3023K, committed 3072K, reserved 1048576K
}
Event: 37.340 GC heap before
{Heap before GC invocations=6 (full 0):
 PSYoungGen      total 37888K, used 12147K [0x00000000e0000000, 0x00000000e3500000, 0x0000000100000000)
  eden space 32768K, 21% used [0x00000000e0000000,0x00000000e06e0f10,0x00000000e2000000)
  from space 5120K, 99% used [0x00000000e2080000,0x00000000e257c040,0x00000000e2580000)
  to   space 10752K, 0% used [0x00000000e2a80000,0x00000000e2a80000,0x00000000e3500000)
 ParOldGen       total 87552K, used 9088K [0x00000000a0000000, 0x00000000a5580000, 0x00000000e0000000)
  object space 87552K, 10% used [0x00000000a0000000,0x00000000a08e0288,0x00000000a5580000)
 Metaspace       used 20715K, capacity 21118K, committed 21296K, reserved 1067008K
  class space    used 2909K, capacity 3087K, committed 3200K, reserved 1048576K
Event: 37.361 GC heap after
Heap after GC invocations=6 (full 0):
 PSYoungGen      total 43520K, used 6243K [0x00000000e0000000, 0x00000000e3500000, 0x0000000100000000)
  eden space 32768K, 0% used [0x00000000e0000000,0x00000000e0000000,0x00000000e2000000)
  from space 10752K, 58% used [0x00000000e2a80000,0x00000000e3098da8,0x00000000e3500000)
  to   space 5120K, 0% used [0x00000000e2080000,0x00000000e2080000,0x00000000e2580000)
 ParOldGen       total 87552K, used 9096K [0x00000000a0000000, 0x00000000a5580000, 0x00000000e0000000)
  object space 87552K, 10% used [0x00000000a0000000,0x00000000a08e2288,0x00000000a5580000)
 Metaspace       used 20715K, capacity 21118K, committed 21296K, reserved 1067008K
  class space    used 2909K, capacity 3087K, committed 3200K, reserved 1048576K
}
Event: 37.361 GC heap before
{Heap before GC invocations=7 (full 1):
 PSYoungGen      total 43520K, used 6243K [0x00000000e0000000, 0x00000000e3500000, 0x0000000100000000)
  eden space 32768K, 0% used [0x00000000e0000000,0x00000000e0000000,0x00000000e2000000)
  from space 10752K, 58% used [0x00000000e2a80000,0x00000000e3098da8,0x00000000e3500000)
  to   space 5120K, 0% used [0x00000000e2080000,0x00000000e2080000,0x00000000e2580000)
 ParOldGen       total 87552K, used 9096K [0x00000000a0000000, 0x00000000a5580000, 0x00000000e0000000)
  object space 87552K, 10% used [0x00000000a0000000,0x00000000a08e2288,0x00000000a5580000)
 Metaspace       used 20715K, capacity 21118K, committed 21296K, reserved 1067008K
  class space    used 2909K, capacity 3087K, committed 3200K, reserved 1048576K
Event: 37.528 GC heap after
Heap after GC invocations=7 (full 1):
 PSYoungGen      total 43520K, used 0K [0x00000000e0000000, 0x00000000e3500000, 0x0000000100000000)
  eden space 32768K, 0% used [0x00000000e0000000,0x00000000e0000000,0x00000000e2000000)
  from space 10752K, 0% used [0x00000000e2a80000,0x00000000e2a80000,0x00000000e3500000)
  to   space 5120K, 0% used [0x00000000e2080000,0x00000000e2080000,0x00000000e2580000)
 ParOldGen       total 53248K, used 7582K [0x00000000a0000000, 0x00000000a3400000, 0x00000000e0000000)
  object space 53248K, 14% used [0x00000000a0000000,0x00000000a0767b80,0x00000000a3400000)
 Metaspace       used 20715K, capacity 21118K, committed 21296K, reserved 1067008K
  class space    used 2909K, capacity 3087K, committed 3200K, reserved 1048576K
}
Event: 40.201 GC heap before
{Heap before GC invocations=8 (full 1):
 PSYoungGen      total 43520K, used 32768K [0x00000000e0000000, 0x00000000e3500000, 0x0000000100000000)
  eden space 32768K, 100% used [0x00000000e0000000,0x00000000e2000000,0x00000000e2000000)
  from space 10752K, 0% used [0x00000000e2a80000,0x00000000e2a80000,0x00000000e3500000)
  to   space 5120K, 0% used [0x00000000e2080000,0x00000000e2080000,0x00000000e2580000)
 ParOldGen       total 53248K, used 7582K [0x00000000a0000000, 0x00000000a3400000, 0x00000000e0000000)
  object space 53248K, 14% used [0x00000000a0000000,0x00000000a0767b80,0x00000000a3400000)
 Metaspace       used 25816K, capacity 26250K, committed 26496K, reserved 1073152K
  class space    used 3470K, capacity 3640K, committed 3712K, reserved 1048576K
Event: 40.218 GC heap after
Heap after GC invocations=8 (full 1):
 PSYoungGen      total 38400K, used 4495K [0x00000000e0000000, 0x00000000e4c80000, 0x0000000100000000)
  eden space 33280K, 0% used [0x00000000e0000000,0x00000000e0000000,0x00000000e2080000)
  from space 5120K, 87% used [0x00000000e2080000,0x00000000e24e3e70,0x00000000e2580000)
  to   space 10240K, 0% used [0x00000000e4280000,0x00000000e4280000,0x00000000e4c80000)
 ParOldGen       total 53248K, used 7590K [0x00000000a0000000, 0x00000000a3400000, 0x00000000e0000000)
  object space 53248K, 14% used [0x00000000a0000000,0x00000000a0769b80,0x00000000a3400000)
 Metaspace       used 25816K, capacity 26250K, committed 26496K, reserved 1073152K
  class space    used 3470K, capacity 3640K, committed 3712K, reserved 1048576K
}

