# JRE version: OpenJDK Runtime Environment (8.0_152-b01) (build 1.8.0_152-release-1343-b01)
# Java VM: OpenJDK 64-Bit Server VM (25.152-b01 mixed mode windows-amd64 compressed oops)
Heap:
 PSYoungGen      total 157184K, used 33042K [0x00000000eab00000, 0x00000000f7700000, 0x0000000100000000)
  eden space 142848K, 23% used [0x00000000eab00000,0x00000000ecb44990,0x00000000f3680000)
  from space 14336K, 0% used [0x00000000f3680000,0x00000000f3680000,0x00000000f4480000)
  to   space 15872K, 0% used [0x00000000f6780000,0x00000000f6780000,0x00000000f7700000)
 ParOldGen       total 89088K, used 35416K [0x00000000c0000000, 0x00000000c5700000, 0x00000000eab00000)
  object space 89088K, 39% used [0x00000000c0000000,0x00000000c2296240,0x00000000c5700000)
 Metaspace       used 59270K, capacity 61074K, committed 61312K, reserved 1101824K
  class space    used 8072K, capacity 8477K, committed 8576K, reserved 1048576K
GC Heap History (10 events):
Event: 17.845 GC heap before
{Heap before GC invocations=10 (full 1):
 PSYoungGen      total 117760K, used 59087K [0x00000000eab00000, 0x00000000f2b00000, 0x0000000100000000)
  eden space 107520K, 45% used [0x00000000eab00000,0x00000000edaf5538,0x00000000f1400000)
  from space 10240K, 97% used [0x00000000f2100000,0x00000000f2abe888,0x00000000f2b00000)
  to   space 11264K, 0% used [0x00000000f1500000,0x00000000f1500000,0x00000000f2000000)
 ParOldGen       total 56832K, used 7468K [0x00000000c0000000, 0x00000000c3780000, 0x00000000eab00000)
  object space 56832K, 13% used [0x00000000c0000000,0x00000000c074b038,0x00000000c3780000)
 Metaspace       used 34650K, capacity 35440K, committed 35456K, reserved 1079296K
  class space    used 4774K, capacity 4984K, committed 4992K, reserved 1048576K
Event: 17.872 GC heap after
Heap after GC invocations=10 (full 1):
 PSYoungGen      total 119808K, used 10460K [0x00000000eab00000, 0x00000000f5280000, 0x0000000100000000)
  eden space 108544K, 0% used [0x00000000eab00000,0x00000000eab00000,0x00000000f1500000)
  from space 11264K, 92% used [0x00000000f1500000,0x00000000f1f370a0,0x00000000f2000000)
  to   space 12288K, 0% used [0x00000000f4680000,0x00000000f4680000,0x00000000f5280000)
 ParOldGen       total 56832K, used 7476K [0x00000000c0000000, 0x00000000c3780000, 0x00000000eab00000)
  object space 56832K, 13% used [0x00000000c0000000,0x00000000c074d038,0x00000000c3780000)
 Metaspace       used 34650K, capacity 35440K, committed 35456K, reserved 1079296K
  class space    used 4774K, capacity 4984K, committed 4992K, reserved 1048576K
}
Event: 17.872 GC heap before
{Heap before GC invocations=11 (full 2):
 PSYoungGen      total 119808K, used 10460K [0x00000000eab00000, 0x00000000f5280000, 0x0000000100000000)
  eden space 108544K, 0% used [0x00000000eab00000,0x00000000eab00000,0x00000000f1500000)
  from space 11264K, 92% used [0x00000000f1500000,0x00000000f1f370a0,0x00000000f2000000)
  to   space 12288K, 0% used [0x00000000f4680000,0x00000000f4680000,0x00000000f5280000)
 ParOldGen       total 56832K, used 7476K [0x00000000c0000000, 0x00000000c3780000, 0x00000000eab00000)
  object space 56832K, 13% used [0x00000000c0000000,0x00000000c074d038,0x00000000c3780000)
 Metaspace       used 34650K, capacity 35440K, committed 35456K, reserved 1079296K
  class space    used 4774K, capacity 4984K, committed 4992K, reserved 1048576K
Event: 18.032 GC heap after
Heap after GC invocations=11 (full 2):
 PSYoungGen      total 119808K, used 0K [0x00000000eab00000, 0x00000000f5280000, 0x0000000100000000)
  eden space 108544K, 0% used [0x00000000eab00000,0x00000000eab00000,0x00000000f1500000)
  from space 11264K, 0% used [0x00000000f1500000,0x00000000f1500000,0x00000000f2000000)
  to   space 12288K, 0% used [0x00000000f4680000,0x00000000f4680000,0x00000000f5280000)
 ParOldGen       total 89088K, used 17170K [0x00000000c0000000, 0x00000000c5700000, 0x00000000eab00000)
  object space 89088K, 19% used [0x00000000c0000000,0x00000000c10c4b60,0x00000000c5700000)
 Metaspace       used 34643K, capacity 35416K, committed 35456K, reserved 1079296K
  class space    used 4772K, capacity 4980K, committed 4992K, reserved 1048576K
}
Event: 21.695 GC heap before
{Heap before GC invocations=12 (full 2):
 PSYoungGen      total 119808K, used 108544K [0x00000000eab00000, 0x00000000f5280000, 0x0000000100000000)
  eden space 108544K, 100% used [0x00000000eab00000,0x00000000f1500000,0x00000000f1500000)
  from space 11264K, 0% used [0x00000000f1500000,0x00000000f1500000,0x00000000f2000000)
  to   space 12288K, 0% used [0x00000000f4680000,0x00000000f4680000,0x00000000f5280000)
 ParOldGen       total 89088K, used 17170K [0x00000000c0000000, 0x00000000c5700000, 0x00000000eab00000)
  object space 89088K, 19% used [0x00000000c0000000,0x00000000c10c4b60,0x00000000c5700000)
 Metaspace       used 44732K, capacity 45764K, committed 46080K, reserved 1089536K
  class space    used 6015K, capacity 6274K, committed 6400K, reserved 1048576K
Event: 21.730 GC heap after
Heap after GC invocations=12 (full 2):
 PSYoungGen      total 151040K, used 12283K [0x00000000eab00000, 0x00000000f5280000, 0x0000000100000000)
  eden space 138752K, 0% used [0x00000000eab00000,0x00000000eab00000,0x00000000f3280000)
  from space 12288K, 99% used [0x00000000f4680000,0x00000000f527eef8,0x00000000f5280000)
  to   space 14336K, 0% used [0x00000000f3680000,0x00000000f3680000,0x00000000f4480000)
 ParOldGen       total 89088K, used 19235K [0x00000000c0000000, 0x00000000c5700000, 0x00000000eab00000)
  object space 89088K, 21% used [0x00000000c0000000,0x00000000c12c8df0,0x00000000c5700000)
 Metaspace       used 44732K, capacity 45764K, committed 46080K, reserved 1089536K
  class space    used 6015K, capacity 6274K, committed 6400K, reserved 1048576K
}
Event: 26.243 GC heap before
{Heap before GC invocations=13 (full 2):
 PSYoungGen      total 151040K, used 141816K [0x00000000eab00000, 0x00000000f5280000, 0x0000000100000000)
  eden space 138752K, 93% used [0x00000000eab00000,0x00000000f297f150,0x00000000f3280000)
  from space 12288K, 99% used [0x00000000f4680000,0x00000000f527eef8,0x00000000f5280000)
  to   space 14336K, 0% used [0x00000000f3680000,0x00000000f3680000,0x00000000f4480000)
 ParOldGen       total 89088K, used 19235K [0x00000000c0000000, 0x00000000c5700000, 0x00000000eab00000)
  object space 89088K, 21% used [0x00000000c0000000,0x00000000c12c8df0,0x00000000c5700000)
 Metaspace       used 57455K, capacity 59026K, committed 59096K, reserved 1099776K
  class space    used 7775K, capacity 8143K, committed 8192K, reserved 1048576K
Event: 26.305 GC heap after
Heap after GC invocations=13 (full 2):
 PSYoungGen      total 157184K, used 13770K [0x00000000eab00000, 0x00000000f7700000, 0x0000000100000000)
  eden space 142848K, 0% used [0x00000000eab00000,0x00000000eab00000,0x00000000f3680000)
  from space 14336K, 96% used [0x00000000f3680000,0x00000000f43f2ad0,0x00000000f4480000)
  to   space 15872K, 0% used [0x00000000f6780000,0x00000000f6780000,0x00000000f7700000)
 ParOldGen       total 89088K, used 26595K [0x00000000c0000000, 0x00000000c5700000, 0x00000000eab00000)
  object space 89088K, 29% used [0x00000000c0000000,0x00000000c19f8e98,0x00000000c5700000)
 Metaspace       used 57455K, capacity 59026K, committed 59096K, reserved 1099776K
  class space    used 7775K, capacity 8143K, committed 8192K, reserved 1048576K
}
Event: 26.305 GC heap before
{Heap before GC invocations=14 (full 3):
 PSYoungGen      total 157184K, used 13770K [0x00000000eab00000, 0x00000000f7700000, 0x0000000100000000)
  eden space 142848K, 0% used [0x00000000eab00000,0x00000000eab00000,0x00000000f3680000)
  from space 14336K, 96% used [0x00000000f3680000,0x00000000f43f2ad0,0x00000000f4480000)
  to   space 15872K, 0% used [0x00000000f6780000,0x00000000f6780000,0x00000000f7700000)
 ParOldGen       total 89088K, used 26595K [0x00000000c0000000, 0x00000000c5700000, 0x00000000eab00000)
  object space 89088K, 29% used [0x00000000c0000000,0x00000000c19f8e98,0x00000000c5700000)
 Metaspace       used 57455K, capacity 59026K, committed 59096K, reserved 1099776K
  class space    used 7775K, capacity 8143K, committed 8192K, reserved 1048576K
Event: 27.089 GC heap after
Heap after GC invocations=14 (full 3):
 PSYoungGen      total 157184K, used 0K [0x00000000eab00000, 0x00000000f7700000, 0x0000000100000000)
  eden space 142848K, 0% used [0x00000000eab00000,0x00000000eab00000,0x00000000f3680000)
  from space 14336K, 0% used [0x00000000f3680000,0x00000000f3680000,0x00000000f4480000)
  to   space 15872K, 0% used [0x00000000f6780000,0x00000000f6780000,0x00000000f7700000)
 ParOldGen       total 89088K, used 35416K [0x00000000c0000000, 0x00000000c5700000, 0x00000000eab00000)
  object space 89088K, 39% used [0x00000000c0000000,0x00000000c2296240,0x00000000c5700000)
 Metaspace       used 57455K, capacity 59026K, committed 59096K, reserved 1099776K
  class space    used 7775K, capacity 8143K, committed 8192K, reserved 1048576K
}

