# JRE version: OpenJDK Runtime Environment (8.0_152-b01) (build 1.8.0_152-release-1343-b01)
# Java VM: OpenJDK 64-Bit Server VM (25.152-b01 mixed mode windows-amd64 compressed oops)
Heap:
 PSYoungGen      total 141312K, used 95670K [0x00000000eab00000, 0x00000000f7600000, 0x0000000100000000)
  eden space 130048K, 64% used [0x00000000eab00000,0x00000000efd70950,0x00000000f2a00000)
  from space 11264K, 99% used [0x00000000f2a00000,0x00000000f34fcfd8,0x00000000f3500000)
  to   space 15872K, 0% used [0x00000000f6680000,0x00000000f6680000,0x00000000f7600000)
 ParOldGen       total 79872K, used 19790K [0x00000000c0000000, 0x00000000c4e00000, 0x00000000eab00000)
  object space 79872K, 24% used [0x00000000c0000000,0x00000000c13539c0,0x00000000c4e00000)
 Metaspace       used 55782K, capacity 57040K, committed 57304K, reserved 1099776K
  class space    used 7513K, capacity 7831K, committed 7936K, reserved 1048576K
GC Heap History (10 events):
Event: 21.685 GC heap before
{Heap before GC invocations=7 (full 1):
 PSYoungGen      total 71680K, used 66560K [0x00000000eab00000, 0x00000000f4300000, 0x0000000100000000)
  eden space 66560K, 100% used [0x00000000eab00000,0x00000000eec00000,0x00000000eec00000)
  from space 5120K, 0% used [0x00000000eec00000,0x00000000eec00000,0x00000000ef100000)
  to   space 11264K, 0% used [0x00000000f3800000,0x00000000f3800000,0x00000000f4300000)
 ParOldGen       total 59392K, used 9828K [0x00000000c0000000, 0x00000000c3a00000, 0x00000000eab00000)
  object space 59392K, 16% used [0x00000000c0000000,0x00000000c0999030,0x00000000c3a00000)
 Metaspace       used 28444K, capacity 28804K, committed 29056K, reserved 1075200K
  class space    used 3816K, capacity 3949K, committed 3968K, reserved 1048576K
Event: 21.711 GC heap after
Heap after GC invocations=7 (full 1):
 PSYoungGen      total 116736K, used 7752K [0x00000000eab00000, 0x00000000f4000000, 0x0000000100000000)
  eden space 108544K, 0% used [0x00000000eab00000,0x00000000eab00000,0x00000000f1500000)
  from space 8192K, 94% used [0x00000000f3800000,0x00000000f3f92078,0x00000000f4000000)
  to   space 11264K, 0% used [0x00000000f2a00000,0x00000000f2a00000,0x00000000f3500000)
 ParOldGen       total 59392K, used 9836K [0x00000000c0000000, 0x00000000c3a00000, 0x00000000eab00000)
  object space 59392K, 16% used [0x00000000c0000000,0x00000000c099b030,0x00000000c3a00000)
 Metaspace       used 28444K, capacity 28804K, committed 29056K, reserved 1075200K
  class space    used 3816K, capacity 3949K, committed 3968K, reserved 1048576K
}
Event: 29.258 GC heap before
{Heap before GC invocations=8 (full 1):
 PSYoungGen      total 116736K, used 116296K [0x00000000eab00000, 0x00000000f4000000, 0x0000000100000000)
  eden space 108544K, 100% used [0x00000000eab00000,0x00000000f1500000,0x00000000f1500000)
  from space 8192K, 94% used [0x00000000f3800000,0x00000000f3f92078,0x00000000f4000000)
  to   space 11264K, 0% used [0x00000000f2a00000,0x00000000f2a00000,0x00000000f3500000)
 ParOldGen       total 59392K, used 9836K [0x00000000c0000000, 0x00000000c3a00000, 0x00000000eab00000)
  object space 59392K, 16% used [0x00000000c0000000,0x00000000c099b030,0x00000000c3a00000)
 Metaspace       used 34101K, capacity 34740K, committed 35200K, reserved 1079296K
  class space    used 4704K, capacity 4901K, committed 4992K, reserved 1048576K
Event: 29.296 GC heap after
Heap after GC invocations=8 (full 1):
 PSYoungGen      total 141312K, used 11257K [0x00000000eab00000, 0x00000000f6d00000, 0x0000000100000000)
  eden space 130048K, 0% used [0x00000000eab00000,0x00000000eab00000,0x00000000f2a00000)
  from space 11264K, 99% used [0x00000000f2a00000,0x00000000f34fe790,0x00000000f3500000)
  to   space 13312K, 0% used [0x00000000f6000000,0x00000000f6000000,0x00000000f6d00000)
 ParOldGen       total 59392K, used 11225K [0x00000000c0000000, 0x00000000c3a00000, 0x00000000eab00000)
  object space 59392K, 18% used [0x00000000c0000000,0x00000000c0af6618,0x00000000c3a00000)
 Metaspace       used 34101K, capacity 34740K, committed 35200K, reserved 1079296K
  class space    used 4704K, capacity 4901K, committed 4992K, reserved 1048576K
}
Event: 29.537 GC heap before
{Heap before GC invocations=9 (full 1):
 PSYoungGen      total 141312K, used 16125K [0x00000000eab00000, 0x00000000f6d00000, 0x0000000100000000)
  eden space 130048K, 3% used [0x00000000eab00000,0x00000000eafc0da0,0x00000000f2a00000)
  from space 11264K, 99% used [0x00000000f2a00000,0x00000000f34fe790,0x00000000f3500000)
  to   space 13312K, 0% used [0x00000000f6000000,0x00000000f6000000,0x00000000f6d00000)
 ParOldGen       total 59392K, used 11225K [0x00000000c0000000, 0x00000000c3a00000, 0x00000000eab00000)
  object space 59392K, 18% used [0x00000000c0000000,0x00000000c0af6618,0x00000000c3a00000)
 Metaspace       used 34622K, capacity 35220K, committed 35416K, reserved 1079296K
  class space    used 4783K, capacity 4975K, committed 4992K, reserved 1048576K
Event: 29.565 GC heap after
Heap after GC invocations=9 (full 1):
 PSYoungGen      total 143360K, used 7877K [0x00000000eab00000, 0x00000000f6d00000, 0x0000000100000000)
  eden space 130048K, 0% used [0x00000000eab00000,0x00000000eab00000,0x00000000f2a00000)
  from space 13312K, 59% used [0x00000000f6000000,0x00000000f67b17c0,0x00000000f6d00000)
  to   space 11264K, 0% used [0x00000000f2a00000,0x00000000f2a00000,0x00000000f3500000)
 ParOldGen       total 59392K, used 11233K [0x00000000c0000000, 0x00000000c3a00000, 0x00000000eab00000)
  object space 59392K, 18% used [0x00000000c0000000,0x00000000c0af8618,0x00000000c3a00000)
 Metaspace       used 34622K, capacity 35220K, committed 35416K, reserved 1079296K
  class space    used 4783K, capacity 4975K, committed 4992K, reserved 1048576K
}
Event: 29.565 GC heap before
{Heap before GC invocations=10 (full 2):
 PSYoungGen      total 143360K, used 7877K [0x00000000eab00000, 0x00000000f6d00000, 0x0000000100000000)
  eden space 130048K, 0% used [0x00000000eab00000,0x00000000eab00000,0x00000000f2a00000)
  from space 13312K, 59% used [0x00000000f6000000,0x00000000f67b17c0,0x00000000f6d00000)
  to   space 11264K, 0% used [0x00000000f2a00000,0x00000000f2a00000,0x00000000f3500000)
 ParOldGen       total 59392K, used 11233K [0x00000000c0000000, 0x00000000c3a00000, 0x00000000eab00000)
  object space 59392K, 18% used [0x00000000c0000000,0x00000000c0af8618,0x00000000c3a00000)
 Metaspace       used 34622K, capacity 35220K, committed 35416K, reserved 1079296K
  class space    used 4783K, capacity 4975K, committed 4992K, reserved 1048576K
Event: 29.949 GC heap after
Heap after GC invocations=10 (full 2):
 PSYoungGen      total 143360K, used 0K [0x00000000eab00000, 0x00000000f6d00000, 0x0000000100000000)
  eden space 130048K, 0% used [0x00000000eab00000,0x00000000eab00000,0x00000000f2a00000)
  from space 13312K, 0% used [0x00000000f6000000,0x00000000f6000000,0x00000000f6d00000)
  to   space 11264K, 0% used [0x00000000f2a00000,0x00000000f2a00000,0x00000000f3500000)
 ParOldGen       total 79872K, used 14740K [0x00000000c0000000, 0x00000000c4e00000, 0x00000000eab00000)
  object space 79872K, 18% used [0x00000000c0000000,0x00000000c0e650a8,0x00000000c4e00000)
 Metaspace       used 34606K, capacity 35166K, committed 35416K, reserved 1079296K
  class space    used 4778K, capacity 4966K, committed 4992K, reserved 1048576K
}
Event: 38.537 GC heap before
{Heap before GC invocations=11 (full 2):
 PSYoungGen      total 143360K, used 130048K [0x00000000eab00000, 0x00000000f6d00000, 0x0000000100000000)
  eden space 130048K, 100% used [0x00000000eab00000,0x00000000f2a00000,0x00000000f2a00000)
  from space 13312K, 0% used [0x00000000f6000000,0x00000000f6000000,0x00000000f6d00000)
  to   space 11264K, 0% used [0x00000000f2a00000,0x00000000f2a00000,0x00000000f3500000)
 ParOldGen       total 79872K, used 14740K [0x00000000c0000000, 0x00000000c4e00000, 0x00000000eab00000)
  object space 79872K, 18% used [0x00000000c0000000,0x00000000c0e650a8,0x00000000c4e00000)
 Metaspace       used 46601K, capacity 47446K, committed 47832K, reserved 1091584K
  class space    used 6334K, capacity 6590K, committed 6656K, reserved 1048576K
Event: 38.573 GC heap after
Heap after GC invocations=11 (full 2):
 PSYoungGen      total 141312K, used 11251K [0x00000000eab00000, 0x00000000f7600000, 0x0000000100000000)
  eden space 130048K, 0% used [0x00000000eab00000,0x00000000eab00000,0x00000000f2a00000)
  from space 11264K, 99% used [0x00000000f2a00000,0x00000000f34fcfd8,0x00000000f3500000)
  to   space 15872K, 0% used [0x00000000f6680000,0x00000000f6680000,0x00000000f7600000)
 ParOldGen       total 79872K, used 19790K [0x00000000c0000000, 0x00000000c4e00000, 0x00000000eab00000)
  object space 79872K, 24% used [0x00000000c0000000,0x00000000c13539c0,0x00000000c4e00000)
 Metaspace       used 46601K, capacity 47446K, committed 47832K, reserved 1091584K
  class space    used 6334K, capacity 6590K, committed 6656K, reserved 1048576K
}

